<?xml version="1.0" encoding="UTF-8"?>
<!-- Generated by org.testng.reporters.JUnitReportReporter -->
<testsuite hostname="IN-5W1SP13" failures="0" tests="3" name="flipkarttests.productsearchtest" time="159.701" errors="0" timestamp="2022-12-12T10:38:21 IST" skipped="0">
  <testcase classname="flipkarttests.productsearchtest" name="searchproduct" time="33.838"/>
  <system-out/>
  <testcase classname="flipkarttests.productsearchtest" name="searchepmtyproduct" time="77.650"/>
  <system-out/>
  <testcase classname="flipkarttests.productsearchtest" name="searchwrongproduct" time="48.213"/>
  <system-out/>
</testsuite> <!-- flipkarttests.productsearchtest -->
