<?xml version="1.0" encoding="UTF-8"?>
<!-- Generated by org.testng.reporters.JUnitReportReporter -->
<testsuite hostname="IN-5W1SP13" failures="0" tests="6" name="flipkarttests.logintest" time="387.618" errors="0" timestamp="2022-12-12T10:38:21 IST" skipped="0">
  <testcase classname="flipkarttests.logintest" name="validcredentialLogin" time="82.981"/>
  <system-out/>
  <testcase classname="flipkarttests.logintest" name="invalidcredentialLogin1" time="87.308"/>
  <system-out/>
  <testcase classname="flipkarttests.logintest" name="invalidcredentialLogin2" time="61.715"/>
  <system-out/>
  <testcase classname="flipkarttests.logintest" name="invalidcredentialLogin4" time="45.222"/>
  <system-out/>
  <testcase classname="flipkarttests.logintest" name="invalidLogin5" time="41.624"/>
  <system-out/>
  <testcase classname="flipkarttests.logintest" name="invalidLogin6" time="68.768"/>
  <system-out/>
</testsuite> <!-- flipkarttests.logintest -->
