<?xml version="1.0" encoding="UTF-8"?>
<!-- Generated by org.testng.reporters.JUnitReportReporter -->
<testsuite hostname="IN-5W1SP13" failures="0" tests="1" name="flipkarttests.showcarttest" time="91.783" errors="0" timestamp="2022-12-12T10:38:21 IST" skipped="0">
  <testcase classname="flipkarttests.showcarttest" name="showcart" time="91.783"/>
  <system-out/>
</testsuite> <!-- flipkarttests.showcarttest -->
