<?xml version="1.0" encoding="UTF-8"?>
<!-- Generated by org.testng.reporters.JUnitReportReporter -->
<testsuite hostname="IN-5W1SP13" failures="0" tests="5" name="flipkarttests.signupcredentialstest" time="273.919" errors="0" timestamp="2022-12-12T10:38:21 IST" skipped="0">
  <testcase classname="flipkarttests.signupcredentialstest" name="invalidsignUpcredential1" time="44.452"/>
  <system-out/>
  <testcase classname="flipkarttests.signupcredentialstest" name="invalidsignUpcredential2" time="69.701"/>
  <system-out/>
  <testcase classname="flipkarttests.signupcredentialstest" name="invalidsignUpcredential3" time="67.795"/>
  <system-out/>
  <testcase classname="flipkarttests.signupcredentialstest" name="validsignUpcredential" time="45.613"/>
  <system-out/>
  <testcase classname="flipkarttests.signupcredentialstest" name="emptysignupcredential" time="46.358"/>
  <system-out/>
</testsuite> <!-- flipkarttests.signupcredentialstest -->
